[debug] [2024-12-12T13:49:24.055Z] ----------------------------------------------------------------------
[debug] [2024-12-12T13:49:24.067Z] Command:       C:\Program Files\nodejs\node.exe C:\Program Files\nodejs\node_modules\firebase-tools\lib\bin\firebase.js init
[debug] [2024-12-12T13:49:24.069Z] CLI Version:   13.28.0
[debug] [2024-12-12T13:49:24.071Z] Platform:      win32
[debug] [2024-12-12T13:49:24.072Z] Node Version:  v20.18.1
[debug] [2024-12-12T13:49:24.072Z] Time:          Thu Dec 12 2024 19:19:24 GMT+0530 (India Standard Time)
[debug] [2024-12-12T13:49:24.073Z] ----------------------------------------------------------------------
[debug] 
[debug] [2024-12-12T13:49:24.156Z] > command requires scopes: ["email","openid","https://www.googleapis.com/auth/cloudplatformprojects.readonly","https://www.googleapis.com/auth/firebase","https://www.googleapis.com/auth/cloud-platform"]
[debug] [2024-12-12T13:49:24.157Z] > authorizing via signed-in user (royaleplaycasino@gmail.com)
[info] 
     ######## #### ########  ######## ########     ###     ######  ########
     ##        ##  ##     ## ##       ##     ##  ##   ##  ##       ##
     ######    ##  ########  ######   ########  #########  ######  ######
     ##        ##  ##    ##  ##       ##     ## ##     ##       ## ##
     ##       #### ##     ## ######## ########  ##     ##  ######  ########

You're about to initialize a Firebase project in this directory:

  C:\Users\nnadk\Downloads\Royale-play-casino-website

[info] 
=== Project Setup
[info] 
[info] First, let's associate this project directory with a Firebase project.
[info] You can create multiple project aliases by running firebase use --add, 
[info] but for now we'll just set up a default project.
[info] 
[debug] [2024-12-12T13:51:08.103Z] Checked if tokens are valid: false, expires at: 1734006739069
[debug] [2024-12-12T13:51:08.107Z] Checked if tokens are valid: false, expires at: 1734006739069
[debug] [2024-12-12T13:51:08.108Z] > refreshing access token with scopes: []
[debug] [2024-12-12T13:51:08.120Z] >>> [apiv2][query] POST https://www.googleapis.com/oauth2/v3/token [none]
[debug] [2024-12-12T13:51:08.122Z] >>> [apiv2][body] POST https://www.googleapis.com/oauth2/v3/token [omitted]
[debug] [2024-12-12T13:51:08.616Z] <<< [apiv2][status] POST https://www.googleapis.com/oauth2/v3/token 200
[debug] [2024-12-12T13:51:08.616Z] <<< [apiv2][body] POST https://www.googleapis.com/oauth2/v3/token [omitted]
[debug] [2024-12-12T13:51:08.677Z] >>> [apiv2][query] GET https://firebase.googleapis.com/v1beta1/projects pageSize=100
[debug] [2024-12-12T13:51:09.550Z] <<< [apiv2][status] GET https://firebase.googleapis.com/v1beta1/projects 200
[debug] [2024-12-12T13:51:09.550Z] <<< [apiv2][body] GET https://firebase.googleapis.com/v1beta1/projects [omitted]
[info] i  Using project royale-play-casino-app (royale-play-casino-app) 
[info] 
=== Hosting Setup
[debug] [2024-12-12T13:51:11.287Z] Checked if tokens are valid: true, expires at: 1734015067617
[debug] [2024-12-12T13:51:11.288Z] Checked if tokens are valid: true, expires at: 1734015067617
[debug] [2024-12-12T13:51:11.288Z] >>> [apiv2][query] GET https://firebase.googleapis.com/v1beta1/projects/royale-play-casino-app [none]
[debug] [2024-12-12T13:51:11.756Z] <<< [apiv2][status] GET https://firebase.googleapis.com/v1beta1/projects/royale-play-casino-app 200
[debug] [2024-12-12T13:51:11.757Z] <<< [apiv2][body] GET https://firebase.googleapis.com/v1beta1/projects/royale-play-casino-app {"projectId":"royale-play-casino-app","projectNumber":"664306192823","displayName":"royale-play-casino-app","name":"projects/royale-play-casino-app","resources":{"hostingSite":"royale-play-casino-app"},"state":"ACTIVE","etag":"1_9fb7f3b1-188b-4a70-9420-6be4b6a83cf6"}
[info] 
[info] Your public directory is the folder (relative to your project directory) that
[info] will contain Hosting assets to be uploaded with firebase deploy. If you
[info] have a build process for your assets, use your build's output directory.
[info] 
